{
  "Cucumber Features": {
    "coverage": {
      "/Users/rexren/Dropbox/CS169/proj/eecs-dashboard/config/environment.rb": [
        null,
        1,
        null,
        null,
        1
      ],
      "/Users/rexren/Dropbox/CS169/proj/eecs-dashboard/config/application.rb": [
        1,
        null,
        null,
        1,
        1,
        1,
        1,
        1,
        null,
        null,
        1,
        null,
        1,
        null,
        null,
        null,
        null,
        1,
        1,
        null,
        null,
        null,
        null,
        null,
        null,
        null,
        null,
        null,
        null,
        null,
        null,
        null,
        null,
        null,
        null,
        null,
        null,
        null,
        null,
        null,
        null,
        null,
        1,
        null,
        null,
        1,
        null,
        null,
        1,
        null,
        null,
        1,
        null,
        1,
        null,
        null,
        null
      ],
      "/Users/rexren/Dropbox/CS169/proj/eecs-dashboard/config/boot.rb": [
        1,
        null,
        null,
        1,
        null,
        1
      ],
      "/Users/rexren/Dropbox/CS169/proj/eecs-dashboard/config/environments/test.rb": [
        1,
        null,
        null,
        null,
        null,
        null,
        null,
        1,
        null,
        null,
        1,
        1,
        null,
        null,
        1,
        null,
        null,
        1,
        1,
        null,
        null,
        1,
        null,
        null,
        1,
        null,
        null,
        null,
        null,
        1,
        null,
        null,
        null,
        null,
        null,
        null,
        null,
        1,
        null,
        null,
        1,
        null
      ],
      "/Users/rexren/Dropbox/CS169/proj/eecs-dashboard/config/initializers/backtrace_silencers.rb": [
        null,
        null,
        null,
        null,
        null,
        null,
        null
      ],
      "/Users/rexren/Dropbox/CS169/proj/eecs-dashboard/config/initializers/inflections.rb": [
        null,
        null,
        null,
        null,
        null,
        null,
        null,
        null,
        null,
        null
      ],
      "/Users/rexren/Dropbox/CS169/proj/eecs-dashboard/config/initializers/mime_types.rb": [
        null,
        null,
        null,
        null,
        null
      ],
      "/Users/rexren/Dropbox/CS169/proj/eecs-dashboard/config/initializers/secret_token.rb": [
        null,
        null,
        null,
        null,
        null,
        null,
        1
      ],
      "/Users/rexren/Dropbox/CS169/proj/eecs-dashboard/config/initializers/session_store.rb": [
        null,
        null,
        1,
        null,
        null,
        null,
        null,
        null
      ],
      "/Users/rexren/Dropbox/CS169/proj/eecs-dashboard/config/initializers/wrap_parameters.rb": [
        null,
        null,
        null,
        null,
        null,
        null,
        1,
        1,
        null,
        null,
        null,
        1,
        1,
        null
      ],
      "/Users/rexren/Dropbox/CS169/proj/eecs-dashboard/app/controllers/application_controller.rb": [
        1,
        1,
        null
      ],
      "/Users/rexren/Dropbox/CS169/proj/eecs-dashboard/app/helpers/application_helper.rb": [
        1,
        null
      ],
      "/Users/rexren/Dropbox/CS169/proj/eecs-dashboard/app/controllers/dashboard_controller.rb": [
        1,
        1,
        5,
        5,
        5,
        0,
        0,
        null,
        null,
        null,
        null
      ],
      "/Users/rexren/Dropbox/CS169/proj/eecs-dashboard/app/controllers/dashboards_controller.rb": [
        1,
        1,
        null,
        null,
        null,
        null,
        null
      ],
      "/Users/rexren/Dropbox/CS169/proj/eecs-dashboard/app/controllers/viewbilling_controller.rb": [
        1,
        1,
        1,
        null,
        1,
        6,
        3,
        null,
        null,
        null,
        1,
        6,
        6,
        6,
        48,
        null,
        null,
        null,
        1,
        6,
        6,
        6,
        6,
        6,
        null,
        null,
        1,
        6,
        6,
        21,
        16,
        16,
        null,
        5,
        3,
        null,
        null,
        null,
        6,
        16,
        16,
        16,
        16,
        null,
        null,
        null,
        null,
        null,
        1,
        0,
        0,
        0,
        0,
        0,
        0,
        0,
        0,
        0,
        null,
        null,
        1,
        6,
        6,
        6,
        6,
        6,
        6,
        6,
        6,
        6,
        6,
        6,
        34,
        34,
        34,
        null,
        6,
        6,
        6,
        null,
        null,
        null,
        1,
        6,
        1,
        1,
        null,
        5,
        5,
        null,
        6,
        6,
        null,
        null,
        1,
        6,
        6,
        1,
        null,
        5,
        null,
        null,
        null,
        1,
        6,
        6,
        21,
        21,
        5,
        5,
        5,
        null,
        null,
        16,
        null,
        null,
        6,
        null,
        null,
        1,
        6,
        6,
        6,
        6,
        6,
        null,
        null,
        null,
        null,
        1,
        6,
        6,
        6,
        6,
        6,
        null,
        6,
        6,
        6,
        6,
        6,
        6,
        6,
        6,
        6,
        null,
        6,
        null,
        16,
        16,
        16,
        16,
        16,
        null,
        6,
        6,
        34,
        null,
        null,
        6,
        null,
        6,
        34,
        null,
        null,
        6,
        6,
        null,
        null,
        null,
        1,
        26,
        26,
        26,
        26,
        26,
        null,
        null,
        null
      ],
      "/Users/rexren/Dropbox/CS169/proj/eecs-dashboard/app/controllers/viewdependants_controller.rb": [
        1,
        1,
        3,
        2,
        null,
        null,
        null,
        1,
        3,
        3,
        3,
        null,
        null,
        null,
        null
      ],
      "/Users/rexren/Dropbox/CS169/proj/eecs-dashboard/app/controllers/viewquotas_controller.rb": [
        1,
        1,
        1,
        10,
        10,
        10,
        10,
        10,
        10,
        4,
        null,
        6,
        null,
        null,
        10,
        10,
        10,
        null,
        10,
        10,
        10,
        10,
        36,
        22,
        22,
        22,
        null,
        36,
        null,
        null,
        null,
        null,
        null,
        10,
        10,
        null,
        null,
        1,
        10,
        2,
        2,
        2,
        1,
        null,
        1,
        null,
        8,
        1,
        7,
        0,
        0,
        0,
        null,
        0,
        null,
        null,
        7,
        null,
        null,
        null,
        null,
        1,
        10,
        2,
        null,
        null,
        null,
        1,
        10,
        2,
        2,
        2,
        2,
        2,
        2,
        2,
        null,
        null,
        null,
        1,
        2,
        2,
        2,
        null,
        null
      ],
      "/Users/rexren/Dropbox/CS169/proj/eecs-dashboard/app/models/quota.rb": [
        null,
        1,
        1,
        null,
        null,
        1,
        0,
        0,
        null,
        null
      ],
      "/Users/rexren/Dropbox/CS169/proj/eecs-dashboard/app/models/usage.rb": [
        1,
        1,
        null,
        1,
        0,
        null,
        null,
        1,
        2,
        null,
        null,
        null
      ],
      "/Users/rexren/Dropbox/CS169/proj/eecs-dashboard/app/models/user.rb": [
        1,
        1,
        null
      ],
      "/Users/rexren/Dropbox/CS169/proj/eecs-dashboard/spec/factories/factories.rb": [
        null,
        null,
        1,
        null,
        1,
        1,
        1,
        1,
        1,
        null,
        null,
        1,
        1,
        1,
        1,
        1,
        1,
        null,
        null,
        null,
        1,
        1,
        1,
        1,
        null,
        null
      ],
      "/Users/rexren/Dropbox/CS169/proj/eecs-dashboard/spec/factories/users.rb": [
        null,
        null,
        1,
        1,
        1,
        1,
        null,
        null
      ],
      "/Users/rexren/Dropbox/CS169/proj/eecs-dashboard/config/routes.rb": [
        1,
        1,
        null,
        1,
        1,
        1,
        1,
        1,
        1,
        1,
        null
      ],
      "/Users/rexren/Dropbox/CS169/proj/eecs-dashboard/features/support/paths.rb": [
        null,
        null,
        null,
        null,
        null,
        1,
        null,
        null,
        null,
        null,
        null,
        null,
        1,
        11,
        null,
        5,
        1,
        3,
        2,
        null,
        null,
        null,
        null,
        null,
        null,
        null,
        null,
        null,
        null,
        0,
        0,
        0,
        0,
        0,
        null,
        0,
        null,
        null,
        null,
        null,
        null,
        1
      ],
      "/Users/rexren/Dropbox/CS169/proj/eecs-dashboard/features/support/selectors.rb": [
        null,
        null,
        null,
        null,
        null,
        1,
        null,
        null,
        null,
        null,
        null,
        null,
        1,
        0,
        null,
        null,
        0,
        null,
        null,
        null,
        null,
        null,
        null,
        null,
        null,
        null,
        null,
        null,
        null,
        null,
        null,
        null,
        null,
        null,
        0,
        null,
        null,
        null,
        0,
        null,
        null,
        null,
        null,
        1
      ],
      "/Users/rexren/Dropbox/CS169/proj/eecs-dashboard/features/step_definitions/change_quota_steps.rb": [
        null,
        null,
        1,
        null,
        null
      ],
      "/Users/rexren/Dropbox/CS169/proj/eecs-dashboard/features/step_definitions/user_steps.rb": [
        null,
        1,
        1,
        null,
        null,
        null,
        null,
        null,
        null
      ],
      "/Users/rexren/Dropbox/CS169/proj/eecs-dashboard/features/step_definitions/view_billing_steps.rb": [
        1,
        10,
        null,
        null,
        1,
        2,
        2,
        2,
        14,
        null,
        null,
        null,
        1,
        2,
        null,
        null,
        null,
        1,
        2,
        null,
        null,
        1,
        2,
        null
      ],
      "/Users/rexren/Dropbox/CS169/proj/eecs-dashboard/features/step_definitions/view_dependencies_steps.rb": [
        null,
        null,
        1,
        5,
        5,
        5,
        null,
        null,
        null
      ],
      "/Users/rexren/Dropbox/CS169/proj/eecs-dashboard/features/step_definitions/view_quota_steps.rb": [
        null,
        null,
        null,
        null,
        null,
        null,
        null,
        null
      ],
      "/Users/rexren/Dropbox/CS169/proj/eecs-dashboard/features/step_definitions/web_steps.rb": [
        null,
        null,
        null,
        null,
        null,
        null,
        null,
        null,
        null,
        null,
        null,
        null,
        null,
        null,
        null,
        null,
        null,
        null,
        null,
        null,
        null,
        1,
        1,
        1,
        1,
        null,
        1,
        1,
        0,
        null,
        null,
        1,
        null,
        null,
        1,
        0,
        null,
        null,
        null,
        1,
        0,
        null,
        null,
        1,
        10,
        null,
        null,
        1,
        0,
        null,
        null,
        1,
        6,
        null,
        null,
        1,
        5,
        null,
        null,
        1,
        2,
        null,
        null,
        1,
        0,
        null,
        null,
        null,
        null,
        null,
        null,
        null,
        null,
        null,
        null,
        null,
        null,
        null,
        1,
        0,
        0,
        null,
        null,
        null,
        1,
        0,
        null,
        null,
        1,
        0,
        null,
        null,
        1,
        0,
        null,
        null,
        1,
        0,
        null,
        null,
        1,
        0,
        null,
        null,
        1,
        16,
        16,
        null,
        0,
        null,
        null,
        null,
        1,
        0,
        null,
        0,
        0,
        null,
        0,
        null,
        null,
        null,
        1,
        0,
        0,
        null,
        0,
        null,
        null,
        null,
        1,
        0,
        null,
        0,
        0,
        null,
        0,
        null,
        null,
        null,
        1,
        0,
        0,
        0,
        0,
        0,
        null,
        0,
        null,
        null,
        null,
        null,
        1,
        0,
        0,
        0,
        0,
        0,
        null,
        0,
        null,
        null,
        null,
        null,
        1,
        0,
        0,
        null,
        0,
        0,
        0,
        null,
        0,
        0,
        null,
        0,
        null,
        null,
        0,
        0,
        0,
        0,
        null,
        0,
        null,
        null,
        0,
        0,
        0,
        null,
        0,
        null,
        null,
        null,
        null,
        1,
        0,
        0,
        0,
        0,
        0,
        null,
        0,
        0,
        null,
        null,
        null,
        1,
        0,
        0,
        0,
        0,
        null,
        0,
        null,
        null,
        null,
        null,
        1,
        0,
        0,
        0,
        0,
        null,
        0,
        null,
        null,
        null,
        null,
        1,
        1,
        1,
        1,
        null,
        0,
        null,
        null,
        null,
        1,
        0,
        0,
        0,
        0,
        null,
        0,
        0,
        null,
        0,
        null,
        null,
        null,
        1,
        0,
        null
      ]
    },
    "timestamp": 1385954559
  },
  "RSpec": {
    "coverage": {
      "/Users/rexren/Dropbox/CS169/proj/eecs-dashboard/config/environment.rb": [
        null,
        1,
        null,
        null,
        1
      ],
      "/Users/rexren/Dropbox/CS169/proj/eecs-dashboard/config/application.rb": [
        1,
        null,
        null,
        1,
        1,
        1,
        1,
        1,
        null,
        null,
        1,
        null,
        1,
        null,
        null,
        null,
        null,
        1,
        1,
        null,
        null,
        null,
        null,
        null,
        null,
        null,
        null,
        null,
        null,
        null,
        null,
        null,
        null,
        null,
        null,
        null,
        null,
        null,
        null,
        null,
        null,
        null,
        1,
        null,
        null,
        1,
        null,
        null,
        1,
        null,
        null,
        1,
        null,
        1,
        null,
        null,
        null
      ],
      "/Users/rexren/Dropbox/CS169/proj/eecs-dashboard/config/boot.rb": [
        1,
        null,
        null,
        1,
        null,
        1
      ],
      "/Users/rexren/Dropbox/CS169/proj/eecs-dashboard/config/environments/test.rb": [
        1,
        null,
        null,
        null,
        null,
        null,
        null,
        1,
        null,
        null,
        1,
        1,
        null,
        null,
        1,
        null,
        null,
        1,
        1,
        null,
        null,
        1,
        null,
        null,
        1,
        null,
        null,
        null,
        null,
        1,
        null,
        null,
        null,
        null,
        null,
        null,
        null,
        1,
        null,
        null,
        1,
        null
      ],
      "/Users/rexren/Dropbox/CS169/proj/eecs-dashboard/config/initializers/backtrace_silencers.rb": [
        null,
        null,
        null,
        null,
        null,
        null,
        null
      ],
      "/Users/rexren/Dropbox/CS169/proj/eecs-dashboard/config/initializers/inflections.rb": [
        null,
        null,
        null,
        null,
        null,
        null,
        null,
        null,
        null,
        null
      ],
      "/Users/rexren/Dropbox/CS169/proj/eecs-dashboard/config/initializers/mime_types.rb": [
        null,
        null,
        null,
        null,
        null
      ],
      "/Users/rexren/Dropbox/CS169/proj/eecs-dashboard/config/initializers/secret_token.rb": [
        null,
        null,
        null,
        null,
        null,
        null,
        1
      ],
      "/Users/rexren/Dropbox/CS169/proj/eecs-dashboard/config/initializers/session_store.rb": [
        null,
        null,
        1,
        null,
        null,
        null,
        null,
        null
      ],
      "/Users/rexren/Dropbox/CS169/proj/eecs-dashboard/config/initializers/wrap_parameters.rb": [
        null,
        null,
        null,
        null,
        null,
        null,
        1,
        1,
        null,
        null,
        null,
        1,
        1,
        null
      ],
      "/Users/rexren/Dropbox/CS169/proj/eecs-dashboard/app/controllers/application_controller.rb": [
        1,
        1,
        null
      ],
      "/Users/rexren/Dropbox/CS169/proj/eecs-dashboard/app/helpers/application_helper.rb": [
        1,
        null
      ],
      "/Users/rexren/Dropbox/CS169/proj/eecs-dashboard/app/controllers/dashboard_controller.rb": [
        1,
        1,
        0,
        0,
        0,
        0,
        0,
        null,
        null,
        null,
        null
      ],
      "/Users/rexren/Dropbox/CS169/proj/eecs-dashboard/app/controllers/dashboards_controller.rb": [
        1,
        1,
        null,
        null,
        null,
        null,
        null
      ],
      "/Users/rexren/Dropbox/CS169/proj/eecs-dashboard/app/controllers/viewbilling_controller.rb": [
        1,
        1,
        1,
        null,
        1,
        5,
        5,
        null,
        null,
        null,
        1,
        7,
        7,
        7,
        56,
        null,
        null,
        null,
        1,
        7,
        7,
        7,
        7,
        7,
        null,
        null,
        1,
        7,
        7,
        0,
        0,
        0,
        null,
        0,
        0,
        null,
        null,
        null,
        7,
        0,
        0,
        0,
        0,
        null,
        null,
        null,
        null,
        null,
        1,
        0,
        0,
        0,
        0,
        0,
        0,
        0,
        0,
        0,
        null,
        null,
        1,
        7,
        7,
        7,
        7,
        7,
        7,
        7,
        7,
        7,
        7,
        7,
        21,
        21,
        21,
        null,
        7,
        7,
        7,
        null,
        null,
        null,
        1,
        7,
        0,
        0,
        null,
        7,
        7,
        null,
        7,
        7,
        null,
        null,
        1,
        7,
        7,
        0,
        null,
        7,
        null,
        null,
        null,
        1,
        7,
        7,
        0,
        0,
        0,
        0,
        0,
        null,
        null,
        0,
        null,
        null,
        7,
        null,
        null,
        1,
        7,
        7,
        7,
        7,
        7,
        null,
        null,
        null,
        null,
        1,
        7,
        7,
        7,
        7,
        7,
        null,
        7,
        7,
        7,
        7,
        7,
        7,
        7,
        7,
        7,
        null,
        7,
        null,
        0,
        0,
        0,
        0,
        0,
        null,
        7,
        7,
        21,
        null,
        null,
        7,
        null,
        7,
        21,
        null,
        null,
        7,
        7,
        null,
        null,
        null,
        1,
        1,
        1,
        1,
        1,
        1,
        null,
        null,
        null
      ],
      "/Users/rexren/Dropbox/CS169/proj/eecs-dashboard/app/controllers/viewdependants_controller.rb": [
        1,
        1,
        3,
        3,
        null,
        null,
        null,
        1,
        4,
        4,
        4,
        null,
        null,
        null,
        null
      ],
      "/Users/rexren/Dropbox/CS169/proj/eecs-dashboard/app/controllers/viewquotas_controller.rb": [
        1,
        1,
        1,
        1,
        1,
        1,
        1,
        1,
        1,
        0,
        null,
        1,
        null,
        null,
        1,
        1,
        1,
        null,
        1,
        1,
        1,
        1,
        2,
        0,
        0,
        0,
        null,
        2,
        null,
        null,
        null,
        null,
        null,
        1,
        1,
        null,
        null,
        1,
        1,
        1,
        1,
        1,
        0,
        null,
        1,
        null,
        0,
        0,
        0,
        0,
        0,
        0,
        null,
        0,
        null,
        null,
        0,
        null,
        null,
        null,
        null,
        1,
        1,
        1,
        null,
        null,
        null,
        1,
        1,
        0,
        0,
        0,
        0,
        0,
        0,
        0,
        null,
        null,
        null,
        1,
        1,
        1,
        1,
        null,
        null
      ],
      "/Users/rexren/Dropbox/CS169/proj/eecs-dashboard/app/models/quota.rb": [
        null,
        1,
        1,
        null,
        null,
        1,
        1,
        1,
        null,
        null
      ],
      "/Users/rexren/Dropbox/CS169/proj/eecs-dashboard/app/models/usage.rb": [
        1,
        1,
        null,
        1,
        1,
        null,
        null,
        1,
        1,
        null,
        null,
        null
      ],
      "/Users/rexren/Dropbox/CS169/proj/eecs-dashboard/app/models/user.rb": [
        1,
        1,
        null
      ],
      "/Users/rexren/Dropbox/CS169/proj/eecs-dashboard/spec/factories/factories.rb": [
        null,
        null,
        1,
        null,
        1,
        1,
        1,
        1,
        1,
        null,
        null,
        1,
        1,
        1,
        1,
        1,
        1,
        null,
        null,
        null,
        1,
        1,
        1,
        1,
        null,
        null
      ],
      "/Users/rexren/Dropbox/CS169/proj/eecs-dashboard/spec/factories/users.rb": [
        null,
        null,
        1,
        1,
        1,
        1,
        null,
        null
      ],
      "/Users/rexren/Dropbox/CS169/proj/eecs-dashboard/config/routes.rb": [
        1,
        1,
        null,
        1,
        1,
        1,
        1,
        1,
        1,
        1,
        null
      ],
      "/Users/rexren/Dropbox/CS169/proj/eecs-dashboard/spec/controllers/viewdependants_controller_spec.rb": [
        1,
        1,
        1,
        1,
        4,
        4,
        4,
        null,
        null,
        1,
        1,
        1,
        1,
        null,
        1,
        1,
        1,
        1,
        null,
        null,
        1,
        1,
        1,
        null,
        1,
        1,
        1,
        null,
        null,
        null,
        null,
        null,
        null
      ],
      "/Users/rexren/Dropbox/CS169/proj/eecs-dashboard/spec/controllers/viewquotas_controller_spec.rb": [
        1,
        1,
        1,
        1,
        2,
        2,
        2,
        2,
        2,
        2,
        null,
        null,
        1,
        1,
        1,
        1,
        1,
        1,
        1,
        1,
        1,
        null,
        null,
        null,
        null,
        1,
        1,
        1,
        1,
        1,
        null,
        null,
        null,
        null
      ],
      "/Users/rexren/Dropbox/CS169/proj/eecs-dashboard/spec/models/quota_spec.rb": [
        1,
        null,
        1,
        1,
        1,
        1,
        null,
        null,
        1,
        1,
        1,
        1,
        1,
        null,
        null,
        null,
        null
      ],
      "/Users/rexren/Dropbox/CS169/proj/eecs-dashboard/spec/models/usage_spec.rb": [
        1,
        null,
        1,
        1,
        3,
        3,
        null,
        1,
        1,
        1,
        1,
        1,
        1,
        null,
        1,
        1,
        1,
        null,
        null,
        null,
        1,
        1,
        1,
        null,
        null,
        null
      ],
      "/Users/rexren/Dropbox/CS169/proj/eecs-dashboard/spec/models/user_spec.rb": [
        1,
        null,
        1,
        1,
        null
      ]
    },
    "timestamp": 1385954572
  }
}
