{
  "Cucumber Features": {
    "coverage": {
      "/home/saasbook/Dropbox/CS169/proj/eecs-dashboard/config/environment.rb": [
        null,
        1,
        null,
        null,
        1
      ],
      "/home/saasbook/Dropbox/CS169/proj/eecs-dashboard/config/application.rb": [
        1,
        null,
        null,
        1,
        1,
        1,
        1,
        1,
        null,
        null,
        1,
        null,
        1,
        null,
        null,
        null,
        null,
        1,
        1,
        null,
        null,
        null,
        null,
        null,
        null,
        null,
        null,
        null,
        null,
        null,
        null,
        null,
        null,
        null,
        null,
        null,
        null,
        null,
        null,
        null,
        null,
        null,
        1,
        null,
        null,
        1,
        null,
        null,
        1,
        null,
        null,
        1,
        null,
        null
      ],
      "/home/saasbook/Dropbox/CS169/proj/eecs-dashboard/config/boot.rb": [
        1,
        null,
        null,
        1,
        null,
        1
      ],
      "/home/saasbook/Dropbox/CS169/proj/eecs-dashboard/config/environments/test.rb": [
        1,
        null,
        null,
        null,
        null,
        null,
        null,
        1,
        null,
        null,
        1,
        1,
        null,
        null,
        1,
        null,
        null,
        1,
        1,
        null,
        null,
        1,
        null,
        null,
        1,
        null,
        null,
        null,
        null,
        1,
        null,
        null,
        null,
        null,
        null,
        null,
        null,
        1,
        null,
        null,
        1,
        null
      ],
      "/home/saasbook/Dropbox/CS169/proj/eecs-dashboard/config/initializers/backtrace_silencers.rb": [
        null,
        null,
        null,
        null,
        null,
        null,
        null
      ],
      "/home/saasbook/Dropbox/CS169/proj/eecs-dashboard/config/initializers/inflections.rb": [
        null,
        null,
        null,
        null,
        null,
        null,
        null,
        null,
        null,
        null
      ],
      "/home/saasbook/Dropbox/CS169/proj/eecs-dashboard/config/initializers/mime_types.rb": [
        null,
        null,
        null,
        null,
        null
      ],
      "/home/saasbook/Dropbox/CS169/proj/eecs-dashboard/config/initializers/secret_token.rb": [
        null,
        null,
        null,
        null,
        null,
        null,
        1
      ],
      "/home/saasbook/Dropbox/CS169/proj/eecs-dashboard/config/initializers/session_store.rb": [
        null,
        null,
        1,
        null,
        null,
        null,
        null,
        null
      ],
      "/home/saasbook/Dropbox/CS169/proj/eecs-dashboard/config/initializers/wrap_parameters.rb": [
        null,
        null,
        null,
        null,
        null,
        null,
        1,
        1,
        null,
        null,
        null,
        1,
        1,
        null
      ],
      "/home/saasbook/Dropbox/CS169/proj/eecs-dashboard/app/controllers/application_controller.rb": [
        1,
        1,
        null
      ],
      "/home/saasbook/Dropbox/CS169/proj/eecs-dashboard/app/helpers/application_helper.rb": [
        1,
        null
      ],
      "/home/saasbook/Dropbox/CS169/proj/eecs-dashboard/app/controllers/dashboard_controller.rb": [
        1,
        1,
        null,
        null,
        null
      ],
      "/home/saasbook/Dropbox/CS169/proj/eecs-dashboard/app/controllers/dashboards_controller.rb": [
        1,
        1,
        null,
        null,
        null,
        null,
        null
      ],
      "/home/saasbook/Dropbox/CS169/proj/eecs-dashboard/app/controllers/viewbilling_controller.rb": [
        1,
        1,
        null,
        1,
        1,
        1,
        null,
        null,
        null,
        null,
        1,
        1,
        1,
        null,
        1,
        null,
        1,
        1,
        3,
        null,
        null,
        3,
        0,
        0,
        0,
        null,
        null,
        3,
        null,
        null,
        1,
        null,
        null,
        1,
        1,
        1,
        1,
        1,
        1,
        null,
        1,
        1,
        1,
        1,
        1,
        1,
        1,
        1,
        1,
        null,
        1,
        3,
        3,
        3,
        3,
        3,
        null,
        1,
        1,
        6,
        null,
        null,
        1,
        null,
        1,
        6,
        null,
        null,
        1,
        1,
        null,
        null,
        null,
        null,
        1,
        3,
        3,
        3,
        3,
        3,
        null,
        null,
        null
      ],
      "/home/saasbook/Dropbox/CS169/proj/eecs-dashboard/app/controllers/viewquotas_controller.rb": [
        1,
        1,
        1,
        0,
        0,
        0,
        0,
        0,
        null,
        0,
        0,
        0,
        0,
        0,
        0,
        null,
        0,
        0,
        0,
        0,
        0,
        0,
        0,
        null,
        null,
        0,
        null,
        null,
        null,
        null,
        null,
        0,
        null,
        null,
        1,
        0,
        0,
        0,
        0,
        0,
        0,
        0,
        0,
        0,
        0,
        0,
        null,
        0,
        null,
        null,
        null,
        null,
        1,
        0,
        0,
        null,
        null,
        null,
        1,
        0,
        0,
        0,
        0,
        0,
        0,
        0,
        0,
        null,
        null,
        null,
        1,
        0,
        0,
        0,
        0,
        0,
        0,
        0,
        null,
        null
      ],
      "/home/saasbook/Dropbox/CS169/proj/eecs-dashboard/app/models/quota.rb": [
        null,
        1,
        1,
        null,
        null,
        1,
        0,
        null,
        1,
        0,
        0,
        null,
        null
      ],
      "/home/saasbook/Dropbox/CS169/proj/eecs-dashboard/app/models/usage.rb": [
        1,
        1,
        null,
        1,
        0,
        null,
        null,
        1,
        0,
        null,
        null,
        null
      ],
      "/home/saasbook/Dropbox/CS169/proj/eecs-dashboard/config/routes.rb": [
        1,
        1,
        1,
        null,
        1,
        1,
        1,
        1,
        null
      ],
      "/home/saasbook/Dropbox/CS169/proj/eecs-dashboard/features/support/paths.rb": [
        null,
        null,
        null,
        null,
        null,
        1,
        null,
        null,
        null,
        null,
        null,
        null,
        1,
        2,
        null,
        1,
        0,
        0,
        1,
        null,
        null,
        null,
        null,
        null,
        null,
        null,
        0,
        0,
        0,
        0,
        0,
        null,
        0,
        null,
        null,
        null,
        null,
        null,
        1
      ],
      "/home/saasbook/Dropbox/CS169/proj/eecs-dashboard/features/support/selectors.rb": [
        null,
        null,
        null,
        null,
        null,
        1,
        null,
        null,
        null,
        null,
        null,
        null,
        1,
        0,
        null,
        null,
        0,
        null,
        null,
        null,
        null,
        null,
        null,
        null,
        null,
        null,
        null,
        null,
        null,
        null,
        null,
        null,
        null,
        null,
        0,
        null,
        null,
        null,
        0,
        null,
        null,
        null,
        null,
        1
      ],
      "/home/saasbook/Dropbox/CS169/proj/eecs-dashboard/features/step_definitions/change_quota_steps.rb": [
        null,
        null,
        1,
        null,
        null
      ],
      "/home/saasbook/Dropbox/CS169/proj/eecs-dashboard/features/step_definitions/detailed_view_steps.rb": [
        1,
        0,
        null
      ],
      "/home/saasbook/Dropbox/CS169/proj/eecs-dashboard/features/step_definitions/directories_steps.rb": [
        null,
        null,
        1,
        0,
        null
      ],
      "/home/saasbook/Dropbox/CS169/proj/eecs-dashboard/features/step_definitions/user_steps.rb": [
        null,
        1,
        0,
        null,
        null,
        null,
        null,
        null,
        null
      ],
      "/home/saasbook/Dropbox/CS169/proj/eecs-dashboard/features/step_definitions/view_billing_steps.rb": [
        1,
        1,
        null,
        null,
        1,
        1,
        1,
        1,
        7,
        null,
        null,
        null,
        null,
        null,
        null,
        null,
        null,
        null,
        null,
        null,
        null,
        null,
        null,
        null,
        null,
        null,
        null,
        null,
        null,
        null,
        null,
        null,
        null,
        null,
        null,
        null,
        null,
        null,
        null,
        null
      ],
      "/home/saasbook/Dropbox/CS169/proj/eecs-dashboard/features/step_definitions/view_quota_steps.rb": [
        null,
        1,
        0,
        0,
        0,
        0,
        0,
        null,
        null
      ],
      "/home/saasbook/Dropbox/CS169/proj/eecs-dashboard/features/step_definitions/web_steps.rb": [
        null,
        null,
        null,
        null,
        null,
        null,
        null,
        null,
        null,
        null,
        null,
        null,
        null,
        null,
        null,
        null,
        null,
        null,
        null,
        null,
        null,
        1,
        1,
        1,
        1,
        null,
        1,
        1,
        0,
        null,
        null,
        1,
        null,
        null,
        1,
        0,
        null,
        null,
        null,
        1,
        0,
        null,
        null,
        1,
        1,
        null,
        null,
        1,
        0,
        null,
        null,
        1,
        0,
        null,
        null,
        1,
        1,
        null,
        null,
        1,
        0,
        null,
        null,
        1,
        0,
        null,
        null,
        null,
        null,
        null,
        null,
        null,
        null,
        null,
        null,
        null,
        null,
        null,
        1,
        0,
        0,
        null,
        null,
        null,
        1,
        0,
        null,
        null,
        1,
        0,
        null,
        null,
        1,
        0,
        null,
        null,
        1,
        0,
        null,
        null,
        1,
        0,
        null,
        null,
        1,
        1,
        1,
        null,
        0,
        null,
        null,
        null,
        1,
        0,
        null,
        0,
        0,
        null,
        0,
        null,
        null,
        null,
        1,
        0,
        0,
        null,
        0,
        null,
        null,
        null,
        1,
        0,
        null,
        0,
        0,
        null,
        0,
        null,
        null,
        null,
        1,
        0,
        0,
        0,
        0,
        0,
        null,
        0,
        null,
        null,
        null,
        null,
        1,
        0,
        0,
        0,
        0,
        0,
        null,
        0,
        null,
        null,
        null,
        null,
        1,
        0,
        0,
        null,
        0,
        0,
        0,
        null,
        0,
        0,
        null,
        0,
        null,
        null,
        0,
        0,
        0,
        0,
        null,
        0,
        null,
        null,
        0,
        0,
        0,
        null,
        0,
        null,
        null,
        null,
        null,
        1,
        0,
        0,
        0,
        0,
        0,
        null,
        0,
        0,
        null,
        null,
        null,
        1,
        0,
        0,
        0,
        0,
        null,
        0,
        null,
        null,
        null,
        null,
        1,
        0,
        0,
        0,
        0,
        null,
        0,
        null,
        null,
        null,
        null,
        1,
        1,
        1,
        1,
        null,
        0,
        null,
        null,
        null,
        1,
        0,
        0,
        0,
        0,
        null,
        0,
        0,
        null,
        0,
        null,
        null,
        null,
        1,
        0,
        null
      ]
    },
    "timestamp": 1384575647
  },
  "RSpec": {
    "coverage": {
      "/home/saasbook/Dropbox/CS169/proj/eecs-dashboard/config/environment.rb": [
        null,
        1,
        null,
        null,
        1
      ],
      "/home/saasbook/Dropbox/CS169/proj/eecs-dashboard/config/application.rb": [
        1,
        null,
        null,
        1,
        1,
        1,
        1,
        1,
        null,
        null,
        1,
        null,
        1,
        null,
        null,
        null,
        null,
        1,
        1,
        null,
        null,
        null,
        null,
        null,
        null,
        null,
        null,
        null,
        null,
        null,
        null,
        null,
        null,
        null,
        null,
        null,
        null,
        null,
        null,
        null,
        null,
        null,
        1,
        null,
        null,
        1,
        null,
        null,
        1,
        null,
        null,
        1,
        null,
        null
      ],
      "/home/saasbook/Dropbox/CS169/proj/eecs-dashboard/config/boot.rb": [
        1,
        null,
        null,
        1,
        null,
        1
      ],
      "/home/saasbook/Dropbox/CS169/proj/eecs-dashboard/config/environments/test.rb": [
        1,
        null,
        null,
        null,
        null,
        null,
        null,
        1,
        null,
        null,
        1,
        1,
        null,
        null,
        1,
        null,
        null,
        1,
        1,
        null,
        null,
        1,
        null,
        null,
        1,
        null,
        null,
        null,
        null,
        1,
        null,
        null,
        null,
        null,
        null,
        null,
        null,
        1,
        null,
        null,
        1,
        null
      ],
      "/home/saasbook/Dropbox/CS169/proj/eecs-dashboard/config/initializers/backtrace_silencers.rb": [
        null,
        null,
        null,
        null,
        null,
        null,
        null
      ],
      "/home/saasbook/Dropbox/CS169/proj/eecs-dashboard/config/initializers/inflections.rb": [
        null,
        null,
        null,
        null,
        null,
        null,
        null,
        null,
        null,
        null
      ],
      "/home/saasbook/Dropbox/CS169/proj/eecs-dashboard/config/initializers/mime_types.rb": [
        null,
        null,
        null,
        null,
        null
      ],
      "/home/saasbook/Dropbox/CS169/proj/eecs-dashboard/config/initializers/secret_token.rb": [
        null,
        null,
        null,
        null,
        null,
        null,
        1
      ],
      "/home/saasbook/Dropbox/CS169/proj/eecs-dashboard/config/initializers/session_store.rb": [
        null,
        null,
        1,
        null,
        null,
        null,
        null,
        null
      ],
      "/home/saasbook/Dropbox/CS169/proj/eecs-dashboard/config/initializers/wrap_parameters.rb": [
        null,
        null,
        null,
        null,
        null,
        null,
        1,
        1,
        null,
        null,
        null,
        1,
        1,
        null
      ],
      "/home/saasbook/Dropbox/CS169/proj/eecs-dashboard/app/controllers/application_controller.rb": [
        1,
        1,
        null
      ],
      "/home/saasbook/Dropbox/CS169/proj/eecs-dashboard/app/helpers/application_helper.rb": [
        1,
        null
      ],
      "/home/saasbook/Dropbox/CS169/proj/eecs-dashboard/app/controllers/dashboard_controller.rb": [
        1,
        1,
        null,
        null,
        null
      ],
      "/home/saasbook/Dropbox/CS169/proj/eecs-dashboard/app/controllers/dashboards_controller.rb": [
        1,
        1,
        null,
        null,
        null,
        null,
        null
      ],
      "/home/saasbook/Dropbox/CS169/proj/eecs-dashboard/app/controllers/viewbilling_controller.rb": [
        1,
        1,
        null,
        1,
        0,
        0,
        null,
        null,
        null,
        null,
        1,
        0,
        0,
        null,
        0,
        null,
        0,
        0,
        0,
        null,
        null,
        0,
        0,
        0,
        0,
        null,
        null,
        0,
        null,
        null,
        0,
        null,
        null,
        1,
        0,
        0,
        0,
        0,
        0,
        null,
        0,
        0,
        0,
        0,
        0,
        0,
        0,
        0,
        0,
        null,
        0,
        0,
        0,
        0,
        0,
        0,
        null,
        0,
        0,
        0,
        null,
        null,
        0,
        null,
        0,
        0,
        null,
        null,
        0,
        0,
        null,
        null,
        null,
        null,
        1,
        0,
        0,
        0,
        0,
        0,
        null,
        null,
        null
      ],
      "/home/saasbook/Dropbox/CS169/proj/eecs-dashboard/app/controllers/viewquotas_controller.rb": [
        1,
        1,
        1,
        0,
        0,
        0,
        0,
        0,
        null,
        0,
        0,
        0,
        0,
        0,
        0,
        null,
        0,
        0,
        0,
        0,
        0,
        0,
        0,
        null,
        null,
        0,
        null,
        null,
        null,
        null,
        null,
        0,
        null,
        null,
        1,
        0,
        0,
        0,
        0,
        0,
        0,
        0,
        0,
        0,
        0,
        0,
        null,
        0,
        null,
        null,
        null,
        null,
        1,
        0,
        0,
        null,
        null,
        null,
        1,
        0,
        0,
        0,
        0,
        0,
        0,
        0,
        0,
        null,
        null,
        null,
        1,
        0,
        0,
        0,
        0,
        0,
        0,
        0,
        null,
        null
      ],
      "/home/saasbook/Dropbox/CS169/proj/eecs-dashboard/app/models/quota.rb": [
        null,
        1,
        1,
        null,
        null,
        1,
        0,
        null,
        1,
        0,
        0,
        null,
        null
      ],
      "/home/saasbook/Dropbox/CS169/proj/eecs-dashboard/app/models/usage.rb": [
        1,
        1,
        null,
        1,
        1,
        null,
        null,
        1,
        1,
        null,
        null,
        null
      ],
      "/home/saasbook/Dropbox/CS169/proj/eecs-dashboard/spec/factories/factories.rb": [
        null,
        null,
        1,
        null,
        1,
        1,
        1,
        1,
        1,
        null,
        null,
        1,
        1,
        1,
        1,
        1,
        1,
        null,
        null,
        1,
        1,
        1,
        1,
        null,
        null
      ],
      "/home/saasbook/Dropbox/CS169/proj/eecs-dashboard/config/routes.rb": [
        1,
        1,
        1,
        null,
        1,
        1,
        1,
        1,
        null
      ]
    },
    "timestamp": 1384644221
  }
}
